<?xml version="1.0" encoding="UTF-8"?>
<!-- Generated by org.testng.reporters.JUnitReportReporter -->
<testsuite hostname="SANDEEP-PC" name="com.inetbanking.testCases.TC_AddCustomerTest_003" tests="1" failures="0" timestamp="12 Jul 2020 03:39:59 GMT" time="23.485" errors="0">
  <testcase name="addNewCustomer" time="23.485" classname="com.inetbanking.testCases.TC_AddCustomerTest_003"/>
</testsuite> <!-- com.inetbanking.testCases.TC_AddCustomerTest_003 -->
