<?xml version="1.0" encoding="UTF-8"?>
<!-- Generated by org.testng.reporters.JUnitReportReporter -->
<testsuite hostname="SANDEEP-PC" name="com.inetbanking.testCases.TC_LoginTest_001" tests="1" failures="0" timestamp="12 Jul 2020 13:41:53 GMT" time="6.438" errors="0">
  <testcase name="loginTest" time="6.438" classname="com.inetbanking.testCases.TC_LoginTest_001"/>
</testsuite> <!-- com.inetbanking.testCases.TC_LoginTest_001 -->
